Coneccion la bdd exitosa, El servidor escucha en el puerto:3001
[0mGET / [32m200 [0m31.455 ms - 1168[0m
[0mGET /runtime.js [32m200 [0m11.603 ms - 9042[0m
[0mGET /polyfills.js [32m200 [0m9.310 ms - 489313[0m
[0mGET /scripts.js [32m200 [0m15.927 ms - 72476[0m
[0mGET /main.js [32m200 [0m12.760 ms - 677148[0m
[0mGET /styles.js [32m200 [0m15.618 ms - 1620420[0m
[0mGET /vendor.js [32m200 [0m14.400 ms - 8793912[0m
[0mGET /common.js [32m200 [0m7.254 ms - 9403[0m
[0mGET /assets/demo/default/media/img/logo/logo_large.png [32m200 [0m26.774 ms - 5387[0m
[0mGET /app-content-pages-pages-module.js [32m200 [0m17.437 ms - 372205[0m
[0mGET /app-content-pages-pages-module~components-e-commerce-e-commerce-module~egreso-egreso-module~envio-da~dd16e6af.js [32m200 [0m12.755 ms - 555078[0m
[0mGET /components-e-commerce-e-commerce-module~egreso-egreso-module~envio-datos-cliente-envio-datos-cliente~ff4a83c4.js [32m200 [0m5.438 ms - 142678[0m
[0mGET /components-e-commerce-e-commerce-module~envio-datos-cliente-envio-datos-cliente-module.js [32m200 [0m4.869 ms - 22204[0m
[0mGET /components-e-commerce-e-commerce-module.js [32m200 [0m2.974 ms - 1814756[0m
[0mGET /auth-auth-module.js [32m200 [0m4.418 ms - 55889[0m
[0mGET /assets/app/media/img/logos/logo_mundibox.PNG [32m200 [0m5.245 ms - 35841[0m
[0mGET /assets/app/media/img/bg/bg-4.jpg [32m200 [0m1.899 ms - 461693[0m
[0mGET /fa-brands-400.woff2 [32m200 [0m5.163 ms - 64144[0m
[0mGET /assets/demo/default/media/img/logo/favicon.ico [32m200 [0m5.111 ms - 1150[0m
[0mGET / [36m304 [0m5.630 ms - -[0m
[0mGET /runtime.js [36m304 [0m1.698 ms - -[0m
[0mGET /polyfills.js [36m304 [0m1.614 ms - -[0m
[0mGET /styles.js [36m304 [0m2.244 ms - -[0m
[0mGET /scripts.js [36m304 [0m1.689 ms - -[0m
[0mGET /vendor.js [36m304 [0m1.624 ms - -[0m
[0mGET /main.js [36m304 [0m1.380 ms - -[0m
[0mGET /app-content-pages-pages-module~components-e-commerce-e-commerce-module~egreso-egreso-module~envio-da~dd16e6af.js [36m304 [0m5.637 ms - -[0m
[0mGET /common.js [36m304 [0m4.065 ms - -[0m
[0mGET /app-content-pages-pages-module.js [36m304 [0m7.281 ms - -[0m
[0mGET /assets/demo/default/media/img/logo/logo_large.png [36m304 [0m2.854 ms - -[0m
[0mGET /components-e-commerce-e-commerce-module~envio-datos-cliente-envio-datos-cliente-module.js [36m304 [0m3.214 ms - -[0m
[0mGET /components-e-commerce-e-commerce-module~egreso-egreso-module~envio-datos-cliente-envio-datos-cliente~ff4a83c4.js [36m304 [0m4.332 ms - -[0m
[0mGET /components-e-commerce-e-commerce-module.js [36m304 [0m4.443 ms - -[0m
[0mGET /auth-auth-module.js [36m304 [0m5.065 ms - -[0m
[0mGET /assets/app/media/img/logos/logo_mundibox.PNG [36m304 [0m1.426 ms - -[0m
[0mGET /assets/app/media/img/bg/bg-4.jpg [36m304 [0m1.484 ms - -[0m
[0mGET /fa-brands-400.woff2 [36m304 [0m4.595 ms - -[0m
[0mGET /login [32m200 [0m6.093 ms - 1168[0m
[0mGET /assets/demo/default/media/img/logo/favicon.ico [36m304 [0m1.305 ms - -[0m
Coneccion la bdd exitosa, El servidor escucha en el puerto:3002
[0mGET / [32m200 [0m12.515 ms - 1168[0m
[0mGET /runtime.js [32m200 [0m14.204 ms - 9042[0m
[0mGET /scripts.js [32m200 [0m12.013 ms - 72476[0m
[0mGET /polyfills.js [32m200 [0m13.455 ms - 489313[0m
[0mGET /main.js [32m200 [0m11.968 ms - 677148[0m
[0mGET /styles.js [32m200 [0m12.566 ms - 1620420[0m
[0mGET /vendor.js [32m200 [0m12.268 ms - 8793912[0m
[0mGET /common.js [32m200 [0m16.423 ms - 9403[0m
[0mGET /assets/demo/default/media/img/logo/logo_large.png [32m200 [0m15.481 ms - 5387[0m
[0mGET /app-content-pages-pages-module.js [32m200 [0m23.306 ms - 372205[0m
[0mGET /app-content-pages-pages-module~components-e-commerce-e-commerce-module~egreso-egreso-module~envio-da~dd16e6af.js [32m200 [0m18.671 ms - 555078[0m
[0mGET /components-e-commerce-e-commerce-module~envio-datos-cliente-envio-datos-cliente-module.js [32m200 [0m5.880 ms - 22204[0m
[0mGET /components-e-commerce-e-commerce-module~egreso-egreso-module~envio-datos-cliente-envio-datos-cliente~ff4a83c4.js [32m200 [0m5.407 ms - 142678[0m
[0mGET /components-e-commerce-e-commerce-module.js [32m200 [0m6.935 ms - 1814756[0m
[0mGET /auth-auth-module.js [32m200 [0m8.013 ms - 55889[0m
[0mGET /assets/app/media/img/logos/logo_mundibox.PNG [32m200 [0m1.575 ms - 35841[0m
[0mGET /assets/app/media/img/bg/bg-4.jpg [32m200 [0m1.493 ms - 461693[0m
[0mGET /fa-brands-400.woff2 [32m200 [0m4.694 ms - 64144[0m
[0mGET /assets/demo/default/media/img/logo/favicon.ico [32m200 [0m3.348 ms - 1150[0m
[0mPOST /api/login [32m200 [0m124.174 ms - 442[0m
[ 0, 0, 1 ]
[0mGET /api/getAllMarcas [36m304 [0m19.580 ms - -[0m
[0mGET /api/allcategorias [36m304 [0m10.683 ms - -[0m
[0mPOST /api/findProductos [32m200 [0m194.758 ms - 4278[0m
[0mGET /assets/app/media/img/misc/quick_actions_bg.jpg [32m200 [0m3.841 ms - 24216[0m
[0mGET /assets/app/media/img/misc/notification_bg.jpg [32m200 [0m5.027 ms - 22245[0m
[0mGET /api/logs?types=alert [32m200 [0m6.612 ms - 1168[0m
[0mGET /api/logs?types=event [32m200 [0m3.276 ms - 1168[0m
[0mGET /api/logs?types=log [32m200 [0m3.638 ms - 1168[0m
[0mGET /api/messenger [32m200 [0m3.103 ms - 1168[0m
[0mGET /assets/demo/default/media/img/logo/logo_default_dark.png [32m200 [0m7.018 ms - 1774[0m
[0mGET /assets/app/media/img/flags/015-china.svg [32m200 [0m6.484 ms - 2546[0m
[0mGET /assets/app/media/img/flags/016-spain.svg [32m200 [0m6.529 ms - 6022[0m
[0mGET /assets/app/media/img/flags/020-flag.svg [32m200 [0m7.022 ms - 16460[0m
[0mGET /assets/app/media/img/flags/014-japan.svg [32m200 [0m10.463 ms - 647[0m
[0mGET /assets/app/media/img/flags/017-germany.svg [32m200 [0m2.348 ms - 730[0m
[0mGET /Flaticon.woff [32m200 [0m4.891 ms - 45796[0m
[0mGET /line-awesome.woff2?v=1.1. [32m200 [0m3.201 ms - 45108[0m
[0mGET /assets/app/media/img/flags/019-france.svg [32m200 [0m1.736 ms - 730[0m
[0mGET /assets/app/media/img/users/user4.jpg [32m200 [0m2.268 ms - 8627[0m
[0mGET /assets/demo/default/media/img/logo/logo_large.png [36m304 [0m2.333 ms - -[0m
[0mGET /MaterialIcons-Regular.woff2 [32m200 [0m2.706 ms - 44300[0m
[0mGET /login [32m200 [0m3.585 ms - 1168[0m
[0mGET /polyfills.js [36m304 [0m5.863 ms - -[0m
[0mGET /runtime.js [36m304 [0m8.019 ms - -[0m
[0mGET /styles.js [36m304 [0m9.362 ms - -[0m
[0mGET /scripts.js [36m304 [0m9.359 ms - -[0m
[0mGET /vendor.js [36m304 [0m10.503 ms - -[0m
[0mGET /main.js [36m304 [0m2.378 ms - -[0m
[0mGET /app-content-pages-pages-module~components-e-commerce-e-commerce-module~egreso-egreso-module~envio-da~dd16e6af.js [36m304 [0m4.770 ms - -[0m
[0mGET /common.js [36m304 [0m5.057 ms - -[0m
[0mGET /app-content-pages-pages-module.js [36m304 [0m4.942 ms - -[0m
[0mGET /assets/demo/default/media/img/logo/logo_large.png [36m304 [0m1.625 ms - -[0m
[0mGET /components-e-commerce-e-commerce-module~egreso-egreso-module~envio-datos-cliente-envio-datos-cliente~ff4a83c4.js [36m304 [0m4.320 ms - -[0m
[0mGET /components-e-commerce-e-commerce-module~envio-datos-cliente-envio-datos-cliente-module.js [36m304 [0m3.986 ms - -[0m
[0mGET /components-e-commerce-e-commerce-module.js [36m304 [0m3.535 ms - -[0m
[0mGET /auth-auth-module.js [36m304 [0m5.664 ms - -[0m
[0mGET /assets/app/media/img/logos/logo_mundibox.PNG [36m304 [0m2.574 ms - -[0m
[0mGET /assets/app/media/img/bg/bg-4.jpg [36m304 [0m1.278 ms - -[0m
[0mGET /fa-brands-400.woff2 [36m304 [0m0.918 ms - -[0m
[0mGET / [36m304 [0m3.673 ms - -[0m
[0mGET /runtime.js [36m304 [0m5.872 ms - -[0m
[0mGET /polyfills.js [36m304 [0m7.841 ms - -[0m
[0mGET /vendor.js [36m304 [0m5.949 ms - -[0m
[0mGET /styles.js [36m304 [0m5.251 ms - -[0m
[0mGET /scripts.js [36m304 [0m5.398 ms - -[0m
[0mGET /main.js [36m304 [0m5.573 ms - -[0m
[0mGET /app-content-pages-pages-module~components-e-commerce-e-commerce-module~egreso-egreso-module~envio-da~dd16e6af.js [36m304 [0m6.235 ms - -[0m
[0mGET /common.js [36m304 [0m5.813 ms - -[0m
[0mGET /app-content-pages-pages-module.js [36m304 [0m4.113 ms - -[0m
[0mGET /assets/demo/default/media/img/logo/logo_large.png [36m304 [0m3.150 ms - -[0m
[0mGET /components-e-commerce-e-commerce-module~egreso-egreso-module~envio-datos-cliente-envio-datos-cliente~ff4a83c4.js [36m304 [0m2.935 ms - -[0m
[0mGET /components-e-commerce-e-commerce-module~envio-datos-cliente-envio-datos-cliente-module.js [36m304 [0m2.690 ms - -[0m
[0mGET /components-e-commerce-e-commerce-module.js [36m304 [0m1.490 ms - -[0m
[ 0, 0, 1 ]
[0mGET /api/allcategorias [36m304 [0m85.983 ms - -[0m
[0mGET /api/getAllMarcas [36m304 [0m101.490 ms - -[0m
[0mPOST /api/findProductos [32m200 [0m148.903 ms - 4278[0m
[0mGET /assets/app/media/img/misc/notification_bg.jpg [36m304 [0m1.404 ms - -[0m
[0mGET /assets/app/media/img/misc/quick_actions_bg.jpg [36m304 [0m1.455 ms - -[0m
[0mGET /api/logs?types=alert [36m304 [0m2.203 ms - -[0m
[0mGET /api/logs?types=event [36m304 [0m2.772 ms - -[0m
[0mGET /api/logs?types=log [36m304 [0m2.705 ms - -[0m
[0mGET /api/messenger [36m304 [0m2.372 ms - -[0m
[0mGET /assets/demo/default/media/img/logo/logo_default_dark.png [36m304 [0m12.999 ms - -[0m
[0mGET /assets/app/media/img/flags/020-flag.svg [36m304 [0m12.942 ms - -[0m
[0mGET /assets/app/media/img/flags/015-china.svg [36m304 [0m13.122 ms - -[0m
[0mGET /assets/app/media/img/flags/016-spain.svg [36m304 [0m10.854 ms - -[0m
[0mGET /assets/app/media/img/flags/014-japan.svg [36m304 [0m8.814 ms - -[0m
[0mGET /assets/app/media/img/flags/017-germany.svg [36m304 [0m5.059 ms - -[0m
[0mGET /assets/app/media/img/flags/019-france.svg [36m304 [0m1.429 ms - -[0m
[0mGET /assets/app/media/img/users/user4.jpg [36m304 [0m1.677 ms - -[0m
[0mGET /line-awesome.woff2?v=1.1. [36m304 [0m1.920 ms - -[0m
[0mGET /Flaticon.woff [36m304 [0m1.786 ms - -[0m
[0mGET /MaterialIcons-Regular.woff2 [36m304 [0m1.256 ms - -[0m
Coneccion la bdd exitosa, El servidor escucha en el puerto:3002
[0mGET /customers [32m200 [0m15.570 ms - 1168[0m
[0mGET /runtime.js [36m304 [0m9.179 ms - -[0m
[0mGET /polyfills.js [36m304 [0m8.643 ms - -[0m
[0mGET /scripts.js [36m304 [0m14.790 ms - -[0m
[0mGET /styles.js [36m304 [0m14.432 ms - -[0m
[0mGET /vendor.js [36m304 [0m6.203 ms - -[0m
[0mGET /main.js [36m304 [0m5.999 ms - -[0m
[0mGET /app-content-pages-pages-module~components-e-commerce-e-commerce-module~egreso-egreso-module~envio-da~dd16e6af.js [36m304 [0m4.426 ms - -[0m
[0mGET /common.js [36m304 [0m3.548 ms - -[0m
[0mGET /app-content-pages-pages-module.js [36m304 [0m2.016 ms - -[0m
[0mGET /assets/demo/default/media/img/logo/logo_large.png [36m304 [0m2.284 ms - -[0m
[0mGET /components-e-commerce-e-commerce-module~egreso-egreso-module~envio-datos-cliente-envio-datos-cliente~ff4a83c4.js [36m304 [0m5.219 ms - -[0m
[0mGET /components-e-commerce-e-commerce-module~envio-datos-cliente-envio-datos-cliente-module.js [36m304 [0m4.294 ms - -[0m
[0mGET /components-e-commerce-e-commerce-module.js [36m304 [0m4.207 ms - -[0m
[ 0, 0, 1 ]
[0mGET /api/allcategorias [36m304 [0m92.218 ms - -[0m
[0mGET /api/getAllMarcas [36m304 [0m102.038 ms - -[0m
[0mPOST /api/findProductos [32m200 [0m176.627 ms - 4278[0m
[0mGET /assets/app/media/img/misc/notification_bg.jpg [36m304 [0m3.557 ms - -[0m
[0mGET /assets/app/media/img/misc/quick_actions_bg.jpg [36m304 [0m4.005 ms - -[0m
[0mGET /line-awesome.woff2?v=1.1. [36m304 [0m1.377 ms - -[0m
[0mGET /Flaticon.woff [36m304 [0m1.386 ms - -[0m
[0mGET /api/logs?types=alert [36m304 [0m4.983 ms - -[0m
[0mGET /api/logs?types=event [36m304 [0m3.124 ms - -[0m
[0mGET /api/logs?types=log [36m304 [0m3.465 ms - -[0m
[0mGET /api/messenger [36m304 [0m3.987 ms - -[0m
[0mGET /assets/demo/default/media/img/logo/logo_default_dark.png [36m304 [0m3.095 ms - -[0m
[0mGET /assets/app/media/img/flags/020-flag.svg [36m304 [0m3.177 ms - -[0m
[0mGET /assets/app/media/img/flags/015-china.svg [36m304 [0m6.675 ms - -[0m
[0mGET /assets/app/media/img/flags/016-spain.svg [36m304 [0m9.528 ms - -[0m
[0mGET /assets/app/media/img/flags/014-japan.svg [36m304 [0m6.786 ms - -[0m
[0mGET /assets/app/media/img/flags/017-germany.svg [36m304 [0m6.869 ms - -[0m
[0mGET /assets/app/media/img/flags/019-france.svg [36m304 [0m9.091 ms - -[0m
[0mGET /assets/app/media/img/users/user4.jpg [36m304 [0m9.238 ms - -[0m
[0mGET /MaterialIcons-Regular.woff2 [36m304 [0m1.324 ms - -[0m
[0mGET /assets/demo/default/media/img/logo/favicon.ico [32m200 [0m11.511 ms - 1150[0m
[0mGET /assets/demo/default/media/img/logo/favicon.ico [36m304 [0m1.689 ms - -[0m
[0mGET /customers [36m304 [0m1.623 ms - -[0m
[0mGET /runtime.js [36m304 [0m2.946 ms - -[0m
[0mGET /polyfills.js [36m304 [0m10.393 ms - -[0m
[0mGET /styles.js [36m304 [0m10.198 ms - -[0m
[0mGET /scripts.js [36m304 [0m10.211 ms - -[0m
[0mGET /vendor.js [36m304 [0m8.729 ms - -[0m
[0mGET /main.js [36m304 [0m8.466 ms - -[0m
[0mGET /assets/demo/default/media/img/logo/logo_large.png [36m304 [0m1.451 ms - -[0m
[0mGET /app-content-pages-pages-module~components-e-commerce-e-commerce-module~egreso-egreso-module~envio-da~dd16e6af.js [36m304 [0m4.333 ms - -[0m
[0mGET /common.js [36m304 [0m3.272 ms - -[0m
[0mGET /app-content-pages-pages-module.js [36m304 [0m1.514 ms - -[0m
[0mGET /components-e-commerce-e-commerce-module~egreso-egreso-module~envio-datos-cliente-envio-datos-cliente~ff4a83c4.js [36m304 [0m1.643 ms - -[0m
[0mGET /components-e-commerce-e-commerce-module~envio-datos-cliente-envio-datos-cliente-module.js [36m304 [0m3.760 ms - -[0m
[0mGET /components-e-commerce-e-commerce-module.js [36m304 [0m3.051 ms - -[0m
[ 0, 0, 1 ]
[0mGET /api/getAllMarcas [36m304 [0m135.654 ms - -[0m
[0mGET /api/allcategorias [36m304 [0m150.536 ms - -[0m
[0mPOST /api/findProductos [32m200 [0m156.658 ms - 4278[0m
[0mGET /assets/demo/default/media/img/logo/logo_default_dark.png [36m304 [0m1.441 ms - -[0m
[0mGET /assets/app/media/img/misc/notification_bg.jpg [36m304 [0m1.342 ms - -[0m
[0mGET /assets/app/media/img/misc/quick_actions_bg.jpg [36m304 [0m1.679 ms - -[0m
[0mGET /line-awesome.woff2?v=1.1. [36m304 [0m1.120 ms - -[0m
[0mGET /Flaticon.woff [36m304 [0m2.583 ms - -[0m
[0mGET /api/logs?types=alert [36m304 [0m6.517 ms - -[0m
[0mGET /api/logs?types=event [36m304 [0m2.403 ms - -[0m
[0mGET /api/logs?types=log [36m304 [0m2.329 ms - -[0m
[0mGET /assets/app/media/img/flags/020-flag.svg [36m304 [0m1.610 ms - -[0m
[0mGET /assets/app/media/img/flags/015-china.svg [36m304 [0m2.562 ms - -[0m
[0mGET /assets/app/media/img/flags/016-spain.svg [36m304 [0m2.529 ms - -[0m
[0mGET /assets/app/media/img/flags/014-japan.svg [36m304 [0m1.499 ms - -[0m
[0mGET /assets/app/media/img/flags/017-germany.svg [36m304 [0m1.385 ms - -[0m
[0mGET /assets/app/media/img/flags/019-france.svg [36m304 [0m1.655 ms - -[0m
[0mGET /assets/app/media/img/users/user4.jpg [36m304 [0m2.953 ms - -[0m
[0mGET /api/messenger [36m304 [0m2.048 ms - -[0m
[0mGET /MaterialIcons-Regular.woff2 [36m304 [0m0.970 ms - -[0m
[0mGET /assets/demo/default/media/img/logo/favicon.ico [32m200 [0m1.989 ms - 1150[0m
[0mGET /customers [36m304 [0m1.980 ms - -[0m
[0mGET /runtime.js [36m304 [0m5.651 ms - -[0m
[0mGET /polyfills.js [36m304 [0m8.090 ms - -[0m
[0mGET /vendor.js [36m304 [0m6.875 ms - -[0m
[0mGET /styles.js [36m304 [0m5.467 ms - -[0m
[0mGET /scripts.js [36m304 [0m6.085 ms - -[0m
[0mGET /main.js [36m304 [0m8.065 ms - -[0m
[0mGET /customers [36m304 [0m2.537 ms - -[0m
[0mGET /runtime.js [36m304 [0m4.735 ms - -[0m
[0mGET /polyfills.js [36m304 [0m4.024 ms - -[0m
[0mGET /styles.js [36m304 [0m6.442 ms - -[0m
[0mGET /scripts.js [36m304 [0m4.711 ms - -[0m
[0mGET /vendor.js [36m304 [0m3.980 ms - -[0m
[0mGET /main.js [36m304 [0m3.863 ms - -[0m
[0mGET /app-content-pages-pages-module~components-e-commerce-e-commerce-module~egreso-egreso-module~envio-da~dd16e6af.js [36m304 [0m5.157 ms - -[0m
[0mGET /common.js [36m304 [0m5.386 ms - -[0m
[0mGET /app-content-pages-pages-module.js [36m304 [0m4.997 ms - -[0m
[0mGET /assets/demo/default/media/img/logo/logo_large.png [36m304 [0m4.479 ms - -[0m
[0mGET /components-e-commerce-e-commerce-module~egreso-egreso-module~envio-datos-cliente-envio-datos-cliente~ff4a83c4.js [36m304 [0m1.902 ms - -[0m
[0mGET /components-e-commerce-e-commerce-module~envio-datos-cliente-envio-datos-cliente-module.js [36m304 [0m3.955 ms - -[0m
[0mGET /components-e-commerce-e-commerce-module.js [36m304 [0m5.286 ms - -[0m
[ 0, 0, 1 ]
[0mGET /api/allcategorias [36m304 [0m77.306 ms - -[0m
[0mPOST /api/findProductos [32m200 [0m142.085 ms - 4278[0m
[0mGET /api/getAllMarcas [36m304 [0m154.277 ms - -[0m
[0mGET /assets/app/media/img/misc/notification_bg.jpg [36m304 [0m1.905 ms - -[0m
[0mGET /assets/app/media/img/misc/quick_actions_bg.jpg [36m304 [0m1.743 ms - -[0m
[0mGET /api/logs?types=alert [36m304 [0m2.380 ms - -[0m
[0mGET /api/logs?types=event [36m304 [0m2.732 ms - -[0m
[0mGET /api/logs?types=log [36m304 [0m2.700 ms - -[0m
[0mGET /api/messenger [36m304 [0m1.701 ms - -[0m
[0mGET /assets/demo/default/media/img/logo/logo_default_dark.png [36m304 [0m5.257 ms - -[0m
[0mGET /assets/app/media/img/flags/020-flag.svg [36m304 [0m4.961 ms - -[0m
[0mGET /assets/app/media/img/flags/015-china.svg [36m304 [0m6.217 ms - -[0m
[0mGET /assets/app/media/img/flags/016-spain.svg [36m304 [0m6.542 ms - -[0m
[0mGET /assets/app/media/img/flags/014-japan.svg [36m304 [0m7.151 ms - -[0m
[0mGET /assets/app/media/img/flags/017-germany.svg [36m304 [0m3.662 ms - -[0m
[0mGET /assets/app/media/img/flags/019-france.svg [36m304 [0m2.174 ms - -[0m
[0mGET /assets/app/media/img/users/user4.jpg [36m304 [0m1.911 ms - -[0m
[0mGET /line-awesome.woff2?v=1.1. [36m304 [0m12.630 ms - -[0m
[0mGET /Flaticon.woff [36m304 [0m1.515 ms - -[0m
[0mGET /MaterialIcons-Regular.woff2 [36m304 [0m1.125 ms - -[0m
[0mPOST /api/findImportaciones [32m200 [0m69.039 ms - 477[0m
[ 0, 0, 1 ]
[0mGET /api/allcategorias [36m304 [0m9.280 ms - -[0m
[0mGET /api/getAllMarcas [36m304 [0m9.494 ms - -[0m
[0mPOST /api/findProductos [32m200 [0m109.567 ms - 4278[0m
[ 0, 0, 1 ]
[0mPOST /api/findProductos [32m200 [0m28.435 ms - 42634[0m
[ 0, 0, 1 ]
[0mPOST /api/findProductos [32m200 [0m143.891 ms - 21439[0m
[ 0, 0, 1 ]
[0mPOST /api/findProductos [32m200 [0m17.520 ms - 4278[0m
CN: postgres://postgres:####@localhost:5432/isabella
EVENT: connect ECONNREFUSED 127.0.0.1:5432
Error: connect ECONNREFUSED 127.0.0.1:5432
    at TCPConnectWrap.afterConnect [as oncomplete] (net.js:1141:16) {
  errno: 'ECONNREFUSED',
  code: 'ECONNREFUSED',
  syscall: 'connect',
  address: '127.0.0.1',
  port: 5432
}
ERROR en la coneccion a la base de datos: Error: connect ECONNREFUSED 127.0.0.1:5432
    at TCPConnectWrap.afterConnect [as oncomplete] (net.js:1141:16) {
  errno: 'ECONNREFUSED',
  code: 'ECONNREFUSED',
  syscall: 'connect',
  address: '127.0.0.1',
  port: 5432
}
CN: postgres://postgres:####@localhost:5432/isabella
EVENT: connect ECONNREFUSED 127.0.0.1:5432
Error: connect ECONNREFUSED 127.0.0.1:5432
    at TCPConnectWrap.afterConnect [as oncomplete] (net.js:1141:16) {
  errno: 'ECONNREFUSED',
  code: 'ECONNREFUSED',
  syscall: 'connect',
  address: '127.0.0.1',
  port: 5432
}
ERROR en la coneccion a la base de datos: Error: connect ECONNREFUSED 127.0.0.1:5432
    at TCPConnectWrap.afterConnect [as oncomplete] (net.js:1141:16) {
  errno: 'ECONNREFUSED',
  code: 'ECONNREFUSED',
  syscall: 'connect',
  address: '127.0.0.1',
  port: 5432
}
CN: postgres://postgres:####@localhost:5432/isabella
EVENT: the database system is starting up
error: the database system is starting up
    at Connection.parseE (C:\Users\DARWIN\Documents\isabella\inventarioApp\isabella-backend\node_modules\pg\lib\connection.js:553:11)
    at Connection.parseMessage (C:\Users\DARWIN\Documents\isabella\inventarioApp\isabella-backend\node_modules\pg\lib\connection.js:378:19)
    at Socket.<anonymous> (C:\Users\DARWIN\Documents\isabella\inventarioApp\isabella-backend\node_modules\pg\lib\connection.js:119:22)
    at Socket.emit (events.js:315:20)
    at addChunk (_stream_readable.js:295:12)
    at readableAddChunk (_stream_readable.js:271:9)
    at Socket.Readable.push (_stream_readable.js:212:10)
    at TCP.onStreamRead (internal/stream_base_commons.js:186:23) {
  length: 104,
  severity: 'FATAL',
  code: '57P03',
  detail: undefined,
  hint: undefined,
  position: undefined,
  internalPosition: undefined,
  internalQuery: undefined,
  where: undefined,
  schema: undefined,
  table: undefined,
  column: undefined,
  dataType: undefined,
  constraint: undefined,
  file: 'postmaster.c',
  line: '2254',
  routine: 'ProcessStartupPacket'
}
ERROR en la coneccion a la base de datos: error: the database system is starting up
    at Connection.parseE (C:\Users\DARWIN\Documents\isabella\inventarioApp\isabella-backend\node_modules\pg\lib\connection.js:553:11)
    at Connection.parseMessage (C:\Users\DARWIN\Documents\isabella\inventarioApp\isabella-backend\node_modules\pg\lib\connection.js:378:19)
    at Socket.<anonymous> (C:\Users\DARWIN\Documents\isabella\inventarioApp\isabella-backend\node_modules\pg\lib\connection.js:119:22)
    at Socket.emit (events.js:315:20)
    at addChunk (_stream_readable.js:295:12)
    at readableAddChunk (_stream_readable.js:271:9)
    at Socket.Readable.push (_stream_readable.js:212:10)
    at TCP.onStreamRead (internal/stream_base_commons.js:186:23) {
  length: 104,
  severity: 'FATAL',
  code: '57P03',
  detail: undefined,
  hint: undefined,
  position: undefined,
  internalPosition: undefined,
  internalQuery: undefined,
  where: undefined,
  schema: undefined,
  table: undefined,
  column: undefined,
  dataType: undefined,
  constraint: undefined,
  file: 'postmaster.c',
  line: '2254',
  routine: 'ProcessStartupPacket'
}
Coneccion la bdd exitosa, El servidor escucha en el puerto:3002
[0mGET /customers [32m200 [0m27.548 ms - 1168[0m
[0mGET /runtime.js [36m304 [0m8.093 ms - -[0m
[0mGET /polyfills.js [36m304 [0m11.505 ms - -[0m
[0mGET /vendor.js [36m304 [0m9.767 ms - -[0m
[0mGET /styles.js [36m304 [0m9.894 ms - -[0m
[0mGET /main.js [36m304 [0m10.147 ms - -[0m
[0mGET /scripts.js [36m304 [0m10.673 ms - -[0m
[0mGET /app-content-pages-pages-module~components-e-commerce-e-commerce-module~egreso-egreso-module~envio-da~dd16e6af.js [36m304 [0m3.383 ms - -[0m
[0mGET /common.js [36m304 [0m2.406 ms - -[0m
[0mGET /app-content-pages-pages-module.js [36m304 [0m4.136 ms - -[0m
[0mGET /assets/demo/default/media/img/logo/logo_large.png [36m304 [0m9.262 ms - -[0m
[0mGET /components-e-commerce-e-commerce-module~envio-datos-cliente-envio-datos-cliente-module.js [36m304 [0m7.816 ms - -[0m
[0mGET /components-e-commerce-e-commerce-module~egreso-egreso-module~envio-datos-cliente-envio-datos-cliente~ff4a83c4.js [36m304 [0m8.679 ms - -[0m
[0mGET /components-e-commerce-e-commerce-module.js [36m304 [0m6.695 ms - -[0m
[ 0, 0, 1 ]
[0mGET /api/allcategorias [36m304 [0m181.159 ms - -[0m
[0mGET /api/getAllMarcas [36m304 [0m183.012 ms - -[0m
[0mGET /assets/app/media/img/misc/quick_actions_bg.jpg [36m304 [0m2.991 ms - -[0m
[0mGET /assets/app/media/img/misc/notification_bg.jpg [36m304 [0m6.074 ms - -[0m
[0mPOST /api/findProductos [32m200 [0m268.008 ms - 4278[0m
[0mGET /api/logs?types=alert [36m304 [0m9.608 ms - -[0m
[0mGET /api/logs?types=event [36m304 [0m9.434 ms - -[0m
[0mGET /api/logs?types=log [36m304 [0m3.855 ms - -[0m
[0mGET /api/messenger [36m304 [0m1.679 ms - -[0m
[0mGET /assets/demo/default/media/img/logo/logo_default_dark.png [36m304 [0m4.263 ms - -[0m
[0mGET /assets/app/media/img/flags/020-flag.svg [36m304 [0m7.586 ms - -[0m
[0mGET /assets/app/media/img/flags/015-china.svg [36m304 [0m10.572 ms - -[0m
[0mGET /assets/app/media/img/flags/016-spain.svg [36m304 [0m8.014 ms - -[0m
[0mGET /assets/app/media/img/flags/014-japan.svg [36m304 [0m11.008 ms - -[0m
[0mGET /assets/app/media/img/flags/017-germany.svg [36m304 [0m8.659 ms - -[0m
[0mGET /assets/app/media/img/flags/019-france.svg [36m304 [0m6.363 ms - -[0m
[0mGET /assets/app/media/img/users/user4.jpg [36m304 [0m5.195 ms - -[0m
[0mGET /line-awesome.woff2?v=1.1. [36m304 [0m2.915 ms - -[0m
[0mGET /Flaticon.woff [36m304 [0m4.527 ms - -[0m
[0mGET /MaterialIcons-Regular.woff2 [36m304 [0m1.828 ms - -[0m
[0mGET /assets/demo/default/media/img/logo/favicon.ico [36m304 [0m8.107 ms - -[0m
